0 info it worked if it ends with ok
1 verbose cli [ 'C:\\Program Files\\nodejs\\node.exe',
1 verbose cli   'C:\\Program Files\\nodejs\\node_modules\\npm\\bin\\npm-cli.js',
1 verbose cli   'run',
1 verbose cli   'dev' ]
2 info using npm@3.10.9
3 info using node@v6.9.2
4 verbose run-script [ 'predev', 'dev', 'postdev' ]
5 info lifecycle web-portfolio-main@1.0.0~predev: web-portfolio-main@1.0.0
6 silly lifecycle web-portfolio-main@1.0.0~predev: no script for predev, continuing
7 info lifecycle web-portfolio-main@1.0.0~dev: web-portfolio-main@1.0.0
8 verbose lifecycle web-portfolio-main@1.0.0~dev: unsafe-perm in lifecycle true
9 verbose lifecycle web-portfolio-main@1.0.0~dev: PATH: C:\Program Files\nodejs\node_modules\npm\bin\node-gyp-bin;C:\Users\Matthieu\Documents\Visual Studio Code\web-portfolio-main\node_modules\.bin;C:\ProgramData\Oracle\Java\javapath;C:\Windows\system32;C:\Windows;C:\Windows\System32\Wbem;C:\Windows\System32\WindowsPowerShell\v1.0\;C:\Program Files (x86)\Skype\Phone\;C:\Program Files (x86)\Windows Kits\8.1\Windows Performance Toolkit\;C:\Program Files\Microsoft SQL Server\110\Tools\Binn\;C:\Program Files\OpenVPN\bin;C:\Program Files\AMI\DuOS\;C:\Android;C:\Windows\System32;C:\adb;C:\Program Files\Git\cmd;C:\Program Files\Microsoft\Web Platform Installer\;C:\Program Files (x86)\Microsoft SDKs\TypeScript\1.0\;C:\Program Files\Microsoft SQL Server\120\Tools\Binn\;C:\Program Files (x86)\Brackets\command;C:\Program Files\nodejs\;C:\Program Files (x86)\Microsoft SQL Server\110\DTS\Binn\;C:\Program Files (x86)\Microsoft SQL Server\110\Tools\Binn\;C:\Program Files (x86)\Microsoft SQL Server\110\Tools\Binn\ManagementStudio\;C:\Program Files (x86)\Microsoft Visual Studio 10.0\Common7\IDE\PrivateAssemblies\;C:\Program Files (x86)\PuTTY\;C:\Users\Matthieu\AppData\Local\atom\bin;C:\Program Files (x86)\Microsoft VS Code\bin;C:\Users\Matthieu\AppData\Roaming\npm;.bin
10 verbose lifecycle web-portfolio-main@1.0.0~dev: CWD: C:\Users\Matthieu\Documents\Visual Studio Code\web-portfolio-main
11 silly lifecycle web-portfolio-main@1.0.0~dev: Args: [ '/d /s /c', 'lite-server' ]
12 silly lifecycle web-portfolio-main@1.0.0~dev: Returned: code: 3221225786  signal: null
13 info lifecycle web-portfolio-main@1.0.0~dev: Failed to exec dev script
14 verbose stack Error: web-portfolio-main@1.0.0 dev: `lite-server`
14 verbose stack Exit status 3221225786
14 verbose stack     at EventEmitter.<anonymous> (C:\Program Files\nodejs\node_modules\npm\lib\utils\lifecycle.js:255:16)
14 verbose stack     at emitTwo (events.js:106:13)
14 verbose stack     at EventEmitter.emit (events.js:191:7)
14 verbose stack     at ChildProcess.<anonymous> (C:\Program Files\nodejs\node_modules\npm\lib\utils\spawn.js:40:14)
14 verbose stack     at emitTwo (events.js:106:13)
14 verbose stack     at ChildProcess.emit (events.js:191:7)
14 verbose stack     at maybeClose (internal/child_process.js:877:16)
14 verbose stack     at Process.ChildProcess._handle.onexit (internal/child_process.js:226:5)
15 verbose pkgid web-portfolio-main@1.0.0
16 verbose cwd C:\Users\Matthieu\Documents\Visual Studio Code\web-portfolio-main
17 error Windows_NT 6.3.9600
18 error argv "C:\\Program Files\\nodejs\\node.exe" "C:\\Program Files\\nodejs\\node_modules\\npm\\bin\\npm-cli.js" "run" "dev"
19 error node v6.9.2
20 error npm  v3.10.9
21 error code ELIFECYCLE
22 error web-portfolio-main@1.0.0 dev: `lite-server`
22 error Exit status 3221225786
23 error Failed at the web-portfolio-main@1.0.0 dev script 'lite-server'.
23 error Make sure you have the latest version of node.js and npm installed.
23 error If you do, this is most likely a problem with the web-portfolio-main package,
23 error not with npm itself.
23 error Tell the author that this fails on your system:
23 error     lite-server
23 error You can get information on how to open an issue for this project with:
23 error     npm bugs web-portfolio-main
23 error Or if that isn't available, you can get their info via:
23 error     npm owner ls web-portfolio-main
23 error There is likely additional logging output above.
24 verbose exit [ 1, true ]
